app/build/intermediates/manifest_merge_blame_file/debug/manifest-merger-blame-debug-report.txt
1<?xml version="1.0" encoding="utf-8"?>
2<manifest xmlns:android="http://schemas.android.com/apk/res/android"
3    package="com.example.nfcwriter"
4    android:versionCode="1"
5    android:versionName="1.0" >
6
7    <uses-sdk
8        android:minSdkVersion="19"
8-->src/main/AndroidManifest.xml
9        android:targetSdkVersion="29" />
9-->src/main/AndroidManifest.xml
10
11    <uses-feature
11-->src/main/AndroidManifest.xml:5:5-7:36
12        android:name="android.hardware.nfc"
12-->src/main/AndroidManifest.xml:6:9-44
13        android:required="false" />
13-->src/main/AndroidManifest.xml:7:9-33
14
15    <uses-permission android:name="android.permission.NFC" />
15-->src/main/AndroidManifest.xml:9:5-62
15-->src/main/AndroidManifest.xml:9:22-59
16    <uses-permission android:name="android.permission.INTERNET" />
16-->src/main/AndroidManifest.xml:10:5-67
16-->src/main/AndroidManifest.xml:10:22-64
17
18    <application
18-->src/main/AndroidManifest.xml:12:5-30:19
19        android:allowBackup="true"
19-->src/main/AndroidManifest.xml:13:9-35
20        android:appComponentFactory="androidx.core.app.CoreComponentFactory"
20-->[androidx.core:core:1.3.1] AndroidManifest.xml:24:18-86
21        android:debuggable="true"
22        android:icon="@drawable/splash_icon"
22-->src/main/AndroidManifest.xml:14:9-45
23        android:label="@string/app_name"
23-->src/main/AndroidManifest.xml:15:9-41
24        android:roundIcon="@mipmap/ic_launcher_round"
24-->src/main/AndroidManifest.xml:16:9-54
25        android:supportsRtl="true"
25-->src/main/AndroidManifest.xml:17:9-35
26        android:testOnly="true"
27        android:theme="@style/AppTheme" >
27-->src/main/AndroidManifest.xml:18:9-40
28        <activity android:name="com.example.nfcwriter.Call" />
28-->src/main/AndroidManifest.xml:19:9-51
28-->src/main/AndroidManifest.xml:19:19-39
29        <activity android:name="com.example.nfcwriter.Contact" />
29-->src/main/AndroidManifest.xml:20:9-45
29-->src/main/AndroidManifest.xml:20:19-42
30        <activity android:name="com.example.nfcwriter.WebLink" />
30-->src/main/AndroidManifest.xml:21:9-45
30-->src/main/AndroidManifest.xml:21:19-42
31        <activity android:name="com.example.nfcwriter.MyApp" />
31-->src/main/AndroidManifest.xml:22:9-43
31-->src/main/AndroidManifest.xml:22:19-40
32        <activity android:name="com.example.nfcwriter.MainActivity" >
32-->src/main/AndroidManifest.xml:23:9-29:20
32-->src/main/AndroidManifest.xml:23:19-47
33            <intent-filter>
33-->src/main/AndroidManifest.xml:24:13-28:29
34                <action android:name="android.intent.action.MAIN" />
34-->src/main/AndroidManifest.xml:25:17-69
34-->src/main/AndroidManifest.xml:25:25-66
35
36                <category android:name="android.intent.category.LAUNCHER" />
36-->src/main/AndroidManifest.xml:27:17-77
36-->src/main/AndroidManifest.xml:27:27-74
37            </intent-filter>
38        </activity>
39    </application>
40
41</manifest>